[23:03:40] [Server thread/INFO]: Starting minecraft server version 1.12.2
[23:03:40] [Server thread/WARN]: To start the server with more ram, launch it as "java -Xmx1024M -Xms1024M -jar minecraft_server.jar"
[23:03:40] [Server thread/INFO]: Loading properties
[23:03:40] [Server thread/INFO]: Default game type: SURVIVAL
[23:03:40] [Server thread/INFO]: This server is running Paper version git-Paper-1618 (MC: 1.12.2) (Implementing API version 1.12.2-R0.1-SNAPSHOT)
[23:03:41] [Server thread/INFO]: Debug logging is disabled
[23:03:41] [Server thread/INFO]: Server Ping Player Sample Count: 12
[23:03:41] [Server thread/INFO]: Using 4 threads for Netty based IO
[23:03:41] [Server thread/INFO]: Generating keypair
[23:03:41] [Server thread/INFO]: Starting Minecraft server on *:2000
[23:03:41] [Server thread/INFO]: Using default channel type
[23:03:42] [Server thread/INFO]: Server permissions file permissions.yml is empty, ignoring it
[23:03:42] [Server thread/WARN]: **** SERVER IS RUNNING IN OFFLINE/INSECURE MODE!
[23:03:42] [Server thread/WARN]: The server will make no attempt to authenticate usernames. Beware.
[23:03:42] [Server thread/WARN]: While this makes the game possible to play without internet access, it also opens up the ability for hackers to connect with any username they choose.
[23:03:42] [Server thread/WARN]: To change this, set "online-mode" to "true" in the server.properties file.
[23:03:42] [Server thread/INFO]: **** Beginning UUID conversion, this may take A LONG time ****
[23:03:42] [Server thread/INFO]: Preparing level "world"
[23:03:42] [Server thread/INFO]: -------- World Settings For [world] --------
[23:03:42] [Server thread/INFO]: Item Merge Radius: 2.5
[23:03:42] [Server thread/INFO]: Item Despawn Rate: 6000
[23:03:42] [Server thread/INFO]: View Distance: 10
[23:03:42] [Server thread/INFO]: Allow Zombie Pigmen to spawn from portal blocks: true
[23:03:42] [Server thread/INFO]: Arrow Despawn Rate: 1200
[23:03:42] [Server thread/INFO]: Zombie Aggressive Towards Villager: true
[23:03:42] [Server thread/INFO]: Experience Merge Radius: 3.0
[23:03:42] [Server thread/INFO]: Nerfing mobs spawned from spawners: false
[23:03:42] [Server thread/INFO]: Custom Map Seeds:  Village: 10387312 Feature: 14357617 Monument: 10387313 Slime: 987234911
[23:03:42] [Server thread/INFO]: Cactus Growth Modifier: 100%
[23:03:42] [Server thread/INFO]: Cane Growth Modifier: 100%
[23:03:42] [Server thread/INFO]: Melon Growth Modifier: 100%
[23:03:42] [Server thread/INFO]: Mushroom Growth Modifier: 100%
[23:03:42] [Server thread/INFO]: Pumpkin Growth Modifier: 100%
[23:03:42] [Server thread/INFO]: Sapling Growth Modifier: 100%
[23:03:42] [Server thread/INFO]: Wheat Growth Modifier: 100%
[23:03:42] [Server thread/INFO]: NetherWart Growth Modifier: 100%
[23:03:42] [Server thread/INFO]: Vine Growth Modifier: 100%
[23:03:42] [Server thread/INFO]: Cocoa Growth Modifier: 100%
[23:03:42] [Server thread/INFO]: Entity Tracking Range: Pl 48 / An 48 / Mo 48 / Mi 32 / Other 64
[23:03:42] [Server thread/INFO]: Entity Activation Range: An 32 / Mo 32 / Mi 16 / Tiv true
[23:03:42] [Server thread/INFO]: Mob Spawn Range: 4
[23:03:42] [Server thread/INFO]: Structure Info Saving: true
[23:03:42] [Server thread/INFO]: Max TNT Explosions: 100
[23:03:42] [Server thread/INFO]: Random Lighting Updates: false
[23:03:42] [Server thread/INFO]: Tile Max Tick Time: 50ms Entity max Tick Time: 50ms
[23:03:42] [Server thread/INFO]: Hopper Transfer: 8 Hopper Check: 1 Hopper Amount: 1
[23:03:42] [Server thread/INFO]: -------- World Settings For [world_nether] --------
[23:03:42] [Server thread/INFO]: Item Merge Radius: 2.5
[23:03:42] [Server thread/INFO]: Item Despawn Rate: 6000
[23:03:42] [Server thread/INFO]: View Distance: 10
[23:03:42] [Server thread/INFO]: Allow Zombie Pigmen to spawn from portal blocks: true
[23:03:42] [Server thread/INFO]: Arrow Despawn Rate: 1200
[23:03:42] [Server thread/INFO]: Zombie Aggressive Towards Villager: true
[23:03:42] [Server thread/INFO]: Experience Merge Radius: 3.0
[23:03:42] [Server thread/INFO]: Nerfing mobs spawned from spawners: false
[23:03:42] [Server thread/INFO]: Custom Map Seeds:  Village: 10387312 Feature: 14357617 Monument: 10387313 Slime: 987234911
[23:03:42] [Server thread/INFO]: Cactus Growth Modifier: 100%
[23:03:42] [Server thread/INFO]: Cane Growth Modifier: 100%
[23:03:42] [Server thread/INFO]: Melon Growth Modifier: 100%
[23:03:42] [Server thread/INFO]: Mushroom Growth Modifier: 100%
[23:03:42] [Server thread/INFO]: Pumpkin Growth Modifier: 100%
[23:03:42] [Server thread/INFO]: Sapling Growth Modifier: 100%
[23:03:42] [Server thread/INFO]: Wheat Growth Modifier: 100%
[23:03:42] [Server thread/INFO]: NetherWart Growth Modifier: 100%
[23:03:42] [Server thread/INFO]: Vine Growth Modifier: 100%
[23:03:42] [Server thread/INFO]: Cocoa Growth Modifier: 100%
[23:03:42] [Server thread/INFO]: Entity Tracking Range: Pl 48 / An 48 / Mo 48 / Mi 32 / Other 64
[23:03:42] [Server thread/INFO]: Entity Activation Range: An 32 / Mo 32 / Mi 16 / Tiv true
[23:03:42] [Server thread/INFO]: Mob Spawn Range: 4
[23:03:42] [Server thread/INFO]: Structure Info Saving: true
[23:03:42] [Server thread/INFO]: Max TNT Explosions: 100
[23:03:42] [Server thread/INFO]: Random Lighting Updates: false
[23:03:42] [Server thread/INFO]: Tile Max Tick Time: 50ms Entity max Tick Time: 50ms
[23:03:42] [Server thread/INFO]: Hopper Transfer: 8 Hopper Check: 1 Hopper Amount: 1
[23:03:43] [Server thread/INFO]: -------- World Settings For [world_the_end] --------
[23:03:43] [Server thread/INFO]: Item Merge Radius: 2.5
[23:03:43] [Server thread/INFO]: Item Despawn Rate: 6000
[23:03:43] [Server thread/INFO]: View Distance: 10
[23:03:43] [Server thread/INFO]: Allow Zombie Pigmen to spawn from portal blocks: true
[23:03:43] [Server thread/INFO]: Arrow Despawn Rate: 1200
[23:03:43] [Server thread/INFO]: Zombie Aggressive Towards Villager: true
[23:03:43] [Server thread/INFO]: Experience Merge Radius: 3.0
[23:03:43] [Server thread/INFO]: Nerfing mobs spawned from spawners: false
[23:03:43] [Server thread/INFO]: Custom Map Seeds:  Village: 10387312 Feature: 14357617 Monument: 10387313 Slime: 987234911
[23:03:43] [Server thread/INFO]: Cactus Growth Modifier: 100%
[23:03:43] [Server thread/INFO]: Cane Growth Modifier: 100%
[23:03:43] [Server thread/INFO]: Melon Growth Modifier: 100%
[23:03:43] [Server thread/INFO]: Mushroom Growth Modifier: 100%
[23:03:43] [Server thread/INFO]: Pumpkin Growth Modifier: 100%
[23:03:43] [Server thread/INFO]: Sapling Growth Modifier: 100%
[23:03:43] [Server thread/INFO]: Wheat Growth Modifier: 100%
[23:03:43] [Server thread/INFO]: NetherWart Growth Modifier: 100%
[23:03:43] [Server thread/INFO]: Vine Growth Modifier: 100%
[23:03:43] [Server thread/INFO]: Cocoa Growth Modifier: 100%
[23:03:43] [Server thread/INFO]: Entity Tracking Range: Pl 48 / An 48 / Mo 48 / Mi 32 / Other 64
[23:03:43] [Server thread/INFO]: Entity Activation Range: An 32 / Mo 32 / Mi 16 / Tiv true
[23:03:43] [Server thread/INFO]: Mob Spawn Range: 4
[23:03:43] [Server thread/INFO]: Structure Info Saving: true
[23:03:43] [Server thread/INFO]: Max TNT Explosions: 100
[23:03:43] [Server thread/INFO]: Random Lighting Updates: false
[23:03:43] [Server thread/INFO]: Tile Max Tick Time: 50ms Entity max Tick Time: 50ms
[23:03:43] [Server thread/INFO]: Hopper Transfer: 8 Hopper Check: 1 Hopper Amount: 1
[23:03:43] [Server thread/INFO]: Preparing start region for level 0 (Seed: 8064673578903722823)
[23:03:44] [Server thread/INFO]: Preparing spawn area: 17%
[23:03:44] [Server thread/INFO]: Preparing start region for level 1 (Seed: 8064673578903722823)
[23:03:45] [Server thread/INFO]: Preparing start region for level 2 (Seed: 8064673578903722823)
[23:03:46] [Server thread/INFO]: Done (3,635s)! For help, type "help" or "?"
[23:03:46] [Server thread/INFO]: Timings Reset
[23:04:38] [User Authenticator #1/INFO]: UUID of player iLoLpIcK is 25a4de02-d16a-394f-a4b4-c13117f907c2
[23:04:38] [Server thread/INFO]: iLoLpIcK[/127.0.0.1:50566] logged in with entity id 133 at ([world]-188.5, 69.0, 310.5)
[23:06:12] [Server thread/INFO]: iLoLpIcK lost connection: Disconnected
[23:06:12] [Server thread/INFO]: iLoLpIcK left the game
[23:06:44] [Server thread/INFO]: Stopping the server
[23:06:44] [Server thread/INFO]: Stopping server
[23:06:44] [Server thread/INFO]: Saving players
[23:06:44] [Server thread/INFO]: Saving worlds
[23:06:44] [Server thread/INFO]: Saving chunks for level 'world'/overworld
[23:06:44] [Server thread/INFO]: Saving chunks for level 'world_nether'/the_nether
[23:06:45] [Server thread/INFO]: Saving chunks for level 'world_the_end'/the_end
